<?xml version="1.0" encoding="UTF-8"?>
<!-- Generated by org.testng.reporters.JUnitReportReporter -->
<testsuite hostname="DESKTOP-68AR1H6" failures="0" tests="16" name="EmpRunner.TestRunner" time="205.023" errors="0" timestamp="2022-08-16T18:21:00 IST" skipped="0">
  <testcase classname="EmpRunner.TestRunner" name="runScenario" time="3.153"/>
  <system-out/>
  <testcase classname="EmpRunner.TestRunner" name="runScenario" time="21.358"/>
  <system-out/>
  <testcase classname="EmpRunner.TestRunner" name="runScenario" time="4.890"/>
  <system-out/>
  <testcase classname="EmpRunner.TestRunner" name="runScenario" time="27.395"/>
  <system-out/>
  <testcase classname="EmpRunner.TestRunner" name="runScenario" time="1.605"/>
  <system-out/>
  <testcase classname="EmpRunner.TestRunner" name="runScenario" time="5.322"/>
  <system-out/>
  <testcase classname="EmpRunner.TestRunner" name="runScenario" time="65.300"/>
  <system-out/>
  <testcase classname="EmpRunner.TestRunner" name="runScenario" time="1.232"/>
  <system-out/>
  <testcase classname="EmpRunner.TestRunner" name="runScenario" time="15.948"/>
  <system-out/>
  <testcase classname="EmpRunner.TestRunner" name="runScenario" time="2.100"/>
  <system-out/>
  <testcase classname="EmpRunner.TestRunner" name="runScenario" time="1.725"/>
  <system-out/>
  <testcase classname="EmpRunner.TestRunner" name="runScenario" time="1.803"/>
  <system-out/>
  <testcase classname="EmpRunner.TestRunner" name="runScenario" time="0.737"/>
  <system-out/>
  <testcase classname="EmpRunner.TestRunner" name="runScenario" time="2.093"/>
  <system-out/>
  <testcase classname="EmpRunner.TestRunner" name="runScenario" time="38.513"/>
  <system-out/>
  <testcase classname="EmpRunner.TestRunner" name="runScenario" time="11.849"/>
  <system-out/>
</testsuite> <!-- EmpRunner.TestRunner -->
